0 info it worked if it ends with ok
1 verbose cli [ '/usr/bin/node',
1 verbose cli   '/usr/bin/npm',
1 verbose cli   'start',
1 verbose cli   '--prefix',
1 verbose cli   'src/main/js/frontend/' ]
2 info using npm@3.5.2
3 info using node@v8.10.0
4 verbose stack Error: ENOENT: no such file or directory, open '/home/silasUser/Documents/projects/codecademy_revenue_reactExample/anki-pdf-editor/target/src/main/js/frontend/package.json'
5 verbose cwd /home/silasUser/Documents/projects/codecademy_revenue_reactExample/anki-pdf-editor/target
6 error Linux 5.0.0-29-generic
7 error argv "/usr/bin/node" "/usr/bin/npm" "start" "--prefix" "src/main/js/frontend/"
8 error node v8.10.0
9 error npm  v3.5.2
10 error path /home/silasUser/Documents/projects/codecademy_revenue_reactExample/anki-pdf-editor/target/src/main/js/frontend/package.json
11 error code ENOENT
12 error errno -2
13 error syscall open
14 error enoent ENOENT: no such file or directory, open '/home/silasUser/Documents/projects/codecademy_revenue_reactExample/anki-pdf-editor/target/src/main/js/frontend/package.json'
15 error enoent ENOENT: no such file or directory, open '/home/silasUser/Documents/projects/codecademy_revenue_reactExample/anki-pdf-editor/target/src/main/js/frontend/package.json'
15 error enoent This is most likely not a problem with npm itself
15 error enoent and is related to npm not being able to find a file.
16 verbose exit [ -2, true ]
